<?xml version="1.0" encoding="UTF-8"?>
<!-- Generated by org.testng.reporters.JUnitReportReporter -->
<testsuite hostname="Kush-PC" failures="0" tests="1" name="script.InValidLogin" time="49.663" errors="0" timestamp="29 Jul 2022 02:30:13 GMT" skipped="0">
  <testcase classname="script.InValidLogin" name="testInvalidLogin" time="49.663"/>
</testsuite> <!-- script.InValidLogin -->
