<?xml version="1.0" encoding="UTF-8"?>
<!-- Generated by org.testng.reporters.JUnitReportReporter -->
<testsuite hostname="Kush-PC" failures="0" tests="1" name="script.ValidLogin" time="30.134" errors="0" timestamp="29 Jul 2022 02:28:50 GMT" skipped="0">
  <testcase classname="script.ValidLogin" name="testValidLogin" time="30.134"/>
</testsuite> <!-- script.ValidLogin -->
