<?xml version="1.0" encoding="UTF-8"?>
<!-- Generated by org.testng.reporters.JUnitReportReporter -->
<testsuite hostname="Kush-PC" failures="0" tests="1" name="script.TestClass2" time="10.600" errors="0" timestamp="25 Jul 2022 12:36:45 GMT" skipped="0">
  <testcase classname="script.TestClass2" name="testLogin" time="10.600"/>
</testsuite> <!-- script.TestClass2 -->
